TN:
SF:src\lab1.ts
FN:9,createUser
FN:23,createBook
FN:30,calculateArea
FN:41,getStatusColor
FN:57,(anonymous_4)
FN:62,(anonymous_5)
FN:68,getFirstElement
FN:77,findById
FN:78,(anonymous_8)
FNF:9
FNH:9
FNDA:3,createUser
FNDA:2,createBook
FNDA:5,calculateArea
FNDA:3,getStatusColor
FNDA:2,(anonymous_4)
FNDA:4,(anonymous_5)
FNDA:3,getFirstElement
FNDA:4,findById
FNDA:6,(anonymous_8)
DA:10,3
DA:24,2
DA:31,5
DA:32,2
DA:34,3
DA:42,3
DA:44,1
DA:46,1
DA:48,1
DA:50,0
DA:57,1
DA:58,2
DA:59,1
DA:62,1
DA:63,4
DA:64,4
DA:69,3
DA:78,6
LF:18
LH:17
BRDA:9,0,0,3
BRDA:31,1,0,2
BRDA:31,1,1,3
BRDA:42,2,0,1
BRDA:42,2,1,1
BRDA:42,2,2,1
BRDA:42,2,3,0
BRDA:58,3,0,1
BRDA:58,3,1,1
BRDA:62,4,0,4
BRDA:64,5,0,1
BRDA:64,5,1,3
BRF:12
BRH:11
end_of_record
