TN:
SF:src\lab1.ts
FN:8,createUser
FN:22,createBook
FN:30,calculateArea
FN:42,getStatusColor
FN:57,(anonymous_4)
FN:62,(anonymous_5)
FN:69,getFirstElement
FN:79,findById
FN:80,(anonymous_8)
FNF:9
FNH:9
FNDA:3,createUser
FNDA:2,createBook
FNDA:5,calculateArea
FNDA:3,getStatusColor
FNDA:2,(anonymous_4)
FNDA:4,(anonymous_5)
FNDA:3,getFirstElement
FNDA:4,findById
FNDA:6,(anonymous_8)
DA:9,3
DA:23,2
DA:31,5
DA:32,2
DA:34,3
DA:43,3
DA:45,1
DA:47,1
DA:49,1
DA:57,1
DA:58,2
DA:59,1
DA:62,1
DA:63,4
DA:64,4
DA:70,3
DA:80,6
LF:17
LH:17
BRDA:8,0,0,3
BRDA:31,1,0,2
BRDA:31,1,1,3
BRDA:43,2,0,1
BRDA:43,2,1,1
BRDA:43,2,2,1
BRDA:58,3,0,1
BRDA:58,3,1,1
BRDA:62,4,0,4
BRDA:64,5,0,1
BRDA:64,5,1,3
BRF:11
BRH:11
end_of_record
